10:35:24  [main] 	Initializing Control Panel
10:35:24  [main] 	Windows Version:  Enterprise  64-bit
10:35:24  [main] 	XAMPP Version: 8.2.4
10:35:24  [main] 	Control Panel Version: 3.3.0  [ Compiled: Apr 6th 2021 ]
10:35:24  [main] 	You are not running with administrator rights! This will work for
10:35:24  [main] 	most application stuff but whenever you do something with services
10:35:24  [main] 	there will be a security dialogue or things will break! So think 
10:35:24  [main] 	about running this application with administrator rights!
10:35:24  [main] 	XAMPP Installation Directory: "c:\users\mario.farag\documents\informatica2024\informatica\pavan_diego\data_b\xampp\"
10:35:24  [main] 	Checking for prerequisites
10:35:24  [main] 	All prerequisites found
10:35:24  [main] 	Initializing Modules
10:35:24  [main] 	The FileZilla module is disabled
10:35:24  [main] 	The Mercury module is disabled
10:35:24  [main] 	Starting Check-Timer
10:35:24  [main] 	Control Panel Ready
10:35:25  [Apache] 	Attempting to start Apache app...
10:35:26  [Apache] 	Status change detected: running
10:35:27  [mysql] 	Attempting to start MySQL app...
10:35:27  [mysql] 	Status change detected: running
12:05:57  [main] 	Deinitializing Modules
12:05:57  [main] 	Deinitializing Control Panel

10:35:40  [main] 	Initializing Control Panel
10:35:40  [main] 	Windows Version:  Enterprise  64-bit
10:35:40  [main] 	XAMPP Version: 8.2.4
10:35:40  [main] 	Control Panel Version: 3.3.0  [ Compiled: Apr 6th 2021 ]
10:35:40  [main] 	You are not running with administrator rights! This will work for
10:35:40  [main] 	most application stuff but whenever you do something with services
10:35:40  [main] 	there will be a security dialogue or things will break! So think 
10:35:40  [main] 	about running this application with administrator rights!
10:35:40  [main] 	XAMPP Installation Directory: "c:\users\mario.farag\documents\informatica2024\informatica\pavan_diego\data_b\xampp\"
10:35:40  [main] 	Checking for prerequisites
10:35:40  [main] 	All prerequisites found
10:35:40  [main] 	Initializing Modules
10:35:40  [Apache] 	XAMPP Apache is already running on port 80
10:35:40  [Apache] 	XAMPP Apache is already running on port 443
10:35:40  [mysql] 	XAMPP MySQL is already running on port 3306
10:35:40  [main] 	The FileZilla module is disabled
10:35:40  [main] 	The Mercury module is disabled
10:35:40  [main] 	Starting Check-Timer
10:35:40  [main] 	Control Panel Ready
12:05:57  [mysql] 	Status change detected: stopped
12:05:57  [mysql] 	Error: MySQL shutdown unexpectedly.
12:05:57  [mysql] 	This may be due to a blocked port, missing dependencies, 
12:05:57  [mysql] 	improper privileges, a crash, or a shutdown by another method.
12:05:57  [mysql] 	Press the Logs button to view error logs and check
12:05:57  [mysql] 	the Windows Event Viewer for more clues
12:05:57  [mysql] 	If you need more help, copy and post this
12:05:57  [mysql] 	entire log window on the forums
12:05:58  [main] 	Deinitializing Modules
12:05:58  [main] 	Deinitializing Control Panel

08:09:49  [main] 	Initializing Control Panel
08:09:49  [main] 	Windows Version:  Enterprise  64-bit
08:09:49  [main] 	XAMPP Version: 8.2.4
08:09:49  [main] 	Control Panel Version: 3.3.0  [ Compiled: Apr 6th 2021 ]
08:09:49  [main] 	You are not running with administrator rights! This will work for
08:09:49  [main] 	most application stuff but whenever you do something with services
08:09:49  [main] 	there will be a security dialogue or things will break! So think 
08:09:49  [main] 	about running this application with administrator rights!
08:09:49  [main] 	XAMPP Installation Directory: "c:\users\mario.farag\documents\informatica2024\informatica\pavan_diego\data_b\xampp\"
08:09:49  [main] 	Checking for prerequisites
08:09:50  [main] 	All prerequisites found
08:09:50  [main] 	Initializing Modules
08:09:50  [main] 	The FileZilla module is disabled
08:09:50  [main] 	The Mercury module is disabled
08:09:50  [main] 	Starting Check-Timer
08:09:50  [main] 	Control Panel Ready
08:09:53  [Apache] 	Attempting to start Apache app...
08:09:53  [Apache] 	Status change detected: running
08:09:54  [mysql] 	Attempting to start MySQL app...
08:09:54  [mysql] 	Status change detected: running
09:27:25  [main] 	Deinitializing Modules
09:27:25  [main] 	Deinitializing Control Panel

08:33:14  [main] 	Initializing Control Panel
08:33:14  [main] 	Windows Version:  Enterprise  64-bit
08:33:14  [main] 	XAMPP Version: 8.2.4
08:33:14  [main] 	Control Panel Version: 3.3.0  [ Compiled: Apr 6th 2021 ]
08:33:14  [main] 	You are not running with administrator rights! This will work for
08:33:14  [main] 	most application stuff but whenever you do something with services
08:33:14  [main] 	there will be a security dialogue or things will break! So think 
08:33:14  [main] 	about running this application with administrator rights!
08:33:14  [main] 	XAMPP Installation Directory: "c:\users\mario.farag\documents\informatica2024\informatica\pavan_diego\data_b\xampp\"
08:33:14  [main] 	Checking for prerequisites
08:33:15  [main] 	All prerequisites found
08:33:15  [main] 	Initializing Modules
08:33:15  [main] 	The FileZilla module is disabled
08:33:15  [main] 	The Mercury module is disabled
08:33:15  [main] 	Starting Check-Timer
08:33:15  [main] 	Control Panel Ready
08:33:19  [Apache] 	Attempting to start Apache app...
08:33:20  [Apache] 	Status change detected: running
08:33:20  [mysql] 	Attempting to start MySQL app...
08:33:20  [mysql] 	Status change detected: running
08:40:39  [mysql] 	Status change detected: stopped
08:40:39  [mysql] 	Error: MySQL shutdown unexpectedly.
08:40:39  [mysql] 	This may be due to a blocked port, missing dependencies, 
08:40:39  [mysql] 	improper privileges, a crash, or a shutdown by another method.
08:40:39  [mysql] 	Press the Logs button to view error logs and check
08:40:39  [mysql] 	the Windows Event Viewer for more clues
08:40:39  [mysql] 	If you need more help, copy and post this
08:40:39  [mysql] 	entire log window on the forums
08:41:20  [mysql] 	Attempting to start MySQL app...
08:41:20  [mysql] 	Status change detected: running
09:57:51  [mysql] 	Attempting to stop MySQL app...
09:57:51  [mysql] 	Status change detected: stopped
09:57:51  [Apache] 	Attempting to stop Apache (PID: 13016)
09:57:51  [Apache] 	Attempting to stop Apache (PID: 13392)
09:57:51  [Apache] 	Status change detected: stopped
09:58:14  [main] 	Deinitializing Modules
09:58:14  [main] 	Deinitializing Control Panel

10:13:34  [main] 	Initializing Control Panel
10:13:34  [main] 	Windows Version:  Enterprise  64-bit
10:13:34  [main] 	XAMPP Version: 8.2.4
10:13:34  [main] 	Control Panel Version: 3.3.0  [ Compiled: Apr 6th 2021 ]
10:13:34  [main] 	You are not running with administrator rights! This will work for
10:13:34  [main] 	most application stuff but whenever you do something with services
10:13:34  [main] 	there will be a security dialogue or things will break! So think 
10:13:34  [main] 	about running this application with administrator rights!
10:13:34  [main] 	XAMPP Installation Directory: "c:\users\mario.farag\documents\informatica2024\informatica\pavan_diego\data_b\xampp\"
10:13:34  [main] 	Checking for prerequisites
10:13:34  [main] 	All prerequisites found
10:13:34  [main] 	Initializing Modules
10:13:34  [main] 	The FileZilla module is disabled
10:13:34  [main] 	The Mercury module is disabled
10:13:34  [main] 	Starting Check-Timer
10:13:34  [main] 	Control Panel Ready
10:13:35  [mysql] 	Attempting to start MySQL app...
10:13:36  [mysql] 	Status change detected: running
10:13:36  [Apache] 	Attempting to start Apache app...
10:13:36  [Apache] 	Status change detected: running
12:06:31  [main] 	Deinitializing Modules
12:06:31  [main] 	Deinitializing Control Panel

<<<<<<< Updated upstream
10:43:15  [main] 	Initializing Control Panel
10:43:15  [main] 	Windows Version:  Enterprise  64-bit
10:43:15  [main] 	XAMPP Version: 8.2.4
10:43:15  [main] 	Control Panel Version: 3.3.0  [ Compiled: Apr 6th 2021 ]
10:43:15  [main] 	You are not running with administrator rights! This will work for
10:43:15  [main] 	most application stuff but whenever you do something with services
10:43:15  [main] 	there will be a security dialogue or things will break! So think 
10:43:15  [main] 	about running this application with administrator rights!
10:43:15  [main] 	XAMPP Installation Directory: "c:\users\mario.farag\documents\informatica\pavan_diego\data_b\xampp\"
10:43:15  [main] 	Checking for prerequisites
10:43:15  [main] 	All prerequisites found
10:43:15  [main] 	Initializing Modules
10:43:15  [main] 	The FileZilla module is disabled
10:43:15  [main] 	The Mercury module is disabled
10:43:15  [main] 	Starting Check-Timer
10:43:15  [main] 	Control Panel Ready
10:43:17  [Apache] 	Attempting to start Apache app...
10:43:17  [Apache] 	Status change detected: running
10:43:18  [mysql] 	Attempting to start MySQL app...
.
10:43:19  [mysql] 	Status change detected: running
12:04:24 PM  [main] 	Deinitializing Modules
12:04:24 PM  [main] 	Deinitializing Control Panel

10:42:04  [main] 	Initializing Control Panel
10:42:04  [main] 	Windows Version:  Enterprise  64-bit
10:42:04  [main] 	XAMPP Version: 8.2.4
10:42:04  [main] 	Control Panel Version: 3.3.0  [ Compiled: Apr 6th 2021 ]
10:42:04  [main] 	You are not running with administrator rights! This will work for
10:42:04  [main] 	most application stuff but whenever you do something with services
10:42:04  [main] 	there will be a security dialogue or things will break! So think 
10:42:04  [main] 	about running this application with administrator rights!
10:42:04  [main] 	XAMPP Installation Directory: "c:\users\mario.farag\documents\informatica\pavan_diego\data_b\xampp\"
10:42:04  [main] 	Checking for prerequisites
10:42:04  [main] 	All prerequisites found
10:42:04  [main] 	Initializing Modules
10:42:04  [main] 	The FileZilla module is disabled
10:42:04  [main] 	The Mercury module is disabled
10:42:04  [main] 	Starting Check-Timer
10:42:04  [main] 	Control Panel Ready
10:42:06  [Apache] 	Attempting to start Apache app...
10:42:07  [Apache] 	Status change detected: running
10:42:07  [mysql] 	Attempting to start MySQL app...
10:42:07  [Apache] 	Status change detected: stopped
10:42:07  [Apache] 	Error: Apache shutdown unexpectedly.
10:42:07  [Apache] 	This may be due to a blocked port, missing dependencies, 
10:42:07  [Apache] 	improper privileges, a crash, or a shutdown by another method.
10:42:07  [Apache] 	Press the Logs button to view error logs and check
10:42:07  [Apache] 	the Windows Event Viewer for more clues
10:42:07  [Apache] 	If you need more help, copy and post this
10:42:07  [Apache] 	entire log window on the forums
10:42:10  [mysql] 	Attempting to start MySQL app...
10:42:14  [Apache] 	Attempting to start Apache app...
10:42:14  [Apache] 	Status change detected: running
10:42:15  [Apache] 	Status change detected: stopped
10:42:15  [Apache] 	Error: Apache shutdown unexpectedly.
10:42:15  [Apache] 	This may be due to a blocked port, missing dependencies, 
10:42:15  [Apache] 	improper privileges, a crash, or a shutdown by another method.
10:42:15  [Apache] 	Press the Logs button to view error logs and check
10:42:15  [Apache] 	the Windows Event Viewer for more clues
10:42:15  [Apache] 	If you need more help, copy and post this
10:42:15  [Apache] 	entire log window on the forums
10:42:16  [Apache] 	Attempting to start Apache app...
10:42:26  [Apache] 	Attempting to start Apache app...
10:42:27  [Apache] 	Attempting to start Apache app...
10:42:27  [Apache] 	Attempting to start Apache app...
10:42:27  [Apache] 	Status change detected: running
10:42:27  [Apache] 	Attempting to stop Apache (PID: 14108)
10:42:27  [Apache] 	Problem killing PID 14108
10:42:27  [Apache] 	Check that you have the proper privileges
10:42:27  [Apache] 	Attempting to stop Apache (PID: 3892)
10:42:27  [Apache] 	Attempting to stop Apache (PID: 14108)
10:42:27  [Apache] 	Problem killing PID 14108
10:42:27  [Apache] 	Check that you have the proper privileges
10:42:27  [Apache] 	Attempting to stop Apache (PID: 3892)
10:42:27  [Apache] 	Problem killing PID 3892
10:42:27  [Apache] 	Check that you have the proper privileges
10:42:28  [Apache] 	Status change detected: stopped
10:42:28  [Apache] 	Attempting to start Apache app...
10:42:28  [Apache] 	Attempting to start Apache app...
10:42:29  [Apache] 	Attempting to start Apache app...
10:42:30  [Apache] 	Status change detected: running
10:42:30  [Apache] 	Status change detected: stopped
10:42:30  [Apache] 	Error: Apache shutdown unexpectedly.
10:42:30  [Apache] 	This may be due to a blocked port, missing dependencies, 
10:42:30  [Apache] 	improper privileges, a crash, or a shutdown by another method.
10:42:30  [Apache] 	Press the Logs button to view error logs and check
10:42:30  [Apache] 	the Windows Event Viewer for more clues
10:42:30  [Apache] 	If you need more help, copy and post this
10:42:30  [Apache] 	entire log window on the forums
10:42:39  [main] 	Executing "c:\users\mario.farag\documents\informatica\pavan_diego\data_b\xampp\"
10:43:17  [Apache] 	Status change detected: running
10:43:19  [mysql] 	Status change detected: running
12:04:27 PM  [main] 	Deinitializing Modules
12:04:27 PM  [main] 	Deinitializing Control Panel
=======
08:20:03  [main] 	Initializing Control Panel
08:20:03  [main] 	Windows Version:  Enterprise  64-bit
08:20:03  [main] 	XAMPP Version: 8.2.4
08:20:03  [main] 	Control Panel Version: 3.3.0  [ Compiled: Apr 6th 2021 ]
08:20:03  [main] 	You are not running with administrator rights! This will work for
08:20:03  [main] 	most application stuff but whenever you do something with services
08:20:03  [main] 	there will be a security dialogue or things will break! So think 
08:20:03  [main] 	about running this application with administrator rights!
08:20:03  [main] 	XAMPP Installation Directory: "c:\users\mario.farag\documents\informatica2024\informatica\pavan_diego\data_b\xampp\"
08:20:03  [main] 	Checking for prerequisites
08:20:03  [main] 	All prerequisites found
08:20:03  [main] 	Initializing Modules
08:20:03  [Apache] 	XAMPP Apache is already running on port 80
08:20:03  [Apache] 	XAMPP Apache is already running on port 443
08:20:03  [mysql] 	XAMPP MySQL is already running on port 3306
08:20:03  [main] 	The FileZilla module is disabled
08:20:03  [main] 	The Mercury module is disabled
08:20:03  [main] 	Starting Check-Timer
08:20:03  [main] 	Control Panel Ready
09:50:21  [main] 	Deinitializing Modules
09:50:21  [main] 	Deinitializing Control Panel

08:19:50  [main] 	Initializing Control Panel
08:19:50  [main] 	Windows Version:  Enterprise  64-bit
08:19:50  [main] 	XAMPP Version: 8.2.4
08:19:50  [main] 	Control Panel Version: 3.3.0  [ Compiled: Apr 6th 2021 ]
08:19:50  [main] 	You are not running with administrator rights! This will work for
08:19:50  [main] 	most application stuff but whenever you do something with services
08:19:50  [main] 	there will be a security dialogue or things will break! So think 
08:19:50  [main] 	about running this application with administrator rights!
08:19:50  [main] 	XAMPP Installation Directory: "c:\users\mario.farag\documents\informatica2024\informatica\pavan_diego\data_b\xampp\"
08:19:50  [main] 	Checking for prerequisites
08:19:51  [main] 	All prerequisites found
08:19:51  [main] 	Initializing Modules
08:19:51  [mysql] 	XAMPP MySQL is already running on port 3306
08:19:51  [main] 	The FileZilla module is disabled
08:19:51  [main] 	The Mercury module is disabled
08:19:51  [main] 	Starting Check-Timer
08:19:51  [main] 	Control Panel Ready
08:19:55  [Apache] 	Attempting to start Apache app...
08:19:55  [Apache] 	Status change detected: running
09:50:22  [main] 	Deinitializing Modules
09:50:22  [main] 	Deinitializing Control Panel

09:09:22  [main] 	Initializing Control Panel
09:09:22  [main] 	Windows Version:  Enterprise  64-bit
09:09:22  [main] 	XAMPP Version: 8.2.4
09:09:22  [main] 	Control Panel Version: 3.3.0  [ Compiled: Apr 6th 2021 ]
09:09:22  [main] 	You are not running with administrator rights! This will work for
09:09:22  [main] 	most application stuff but whenever you do something with services
09:09:22  [main] 	there will be a security dialogue or things will break! So think 
09:09:22  [main] 	about running this application with administrator rights!
09:09:22  [main] 	XAMPP Installation Directory: "c:\users\mario.farag\documents\informatica2024\informatica\pavan_diego\data_b\xampp\"
09:09:22  [main] 	Checking for prerequisites
09:09:24  [main] 	All prerequisites found
09:09:24  [main] 	Initializing Modules
09:09:24  [main] 	The FileZilla module is disabled
09:09:24  [main] 	The Mercury module is disabled
09:09:24  [main] 	Starting Check-Timer
09:09:24  [main] 	Control Panel Ready
09:09:26  [Apache] 	Attempting to start Apache app...
09:09:26  [Apache] 	Status change detected: running
09:55:05  [Apache] 	Status change detected: stopped
09:55:05  [Apache] 	Error: Apache shutdown unexpectedly.
09:55:05  [Apache] 	This may be due to a blocked port, missing dependencies, 
09:55:05  [Apache] 	improper privileges, a crash, or a shutdown by another method.
09:55:05  [Apache] 	Press the Logs button to view error logs and check
09:55:05  [Apache] 	the Windows Event Viewer for more clues
09:55:05  [Apache] 	If you need more help, copy and post this
09:55:05  [Apache] 	entire log window on the forums
09:55:22  [main] 	Deinitializing Modules
09:55:22  [main] 	Deinitializing Control Panel
>>>>>>> Stashed changes

