[Fri Oct 13 10:35:26.086309 2023] [ssl:warn] [pid 13168:tid 352] AH01909: www.example.com:443:0 server certificate does NOT include an ID which matches the server name
[Fri Oct 13 10:35:26.107605 2023] [ssl:warn] [pid 13168:tid 352] AH01909: www.example.com:443:0 server certificate does NOT include an ID which matches the server name
[Fri Oct 13 10:35:26.133657 2023] [mpm_winnt:notice] [pid 13168:tid 352] AH00455: Apache/2.4.56 (Win64) OpenSSL/1.1.1t PHP/8.2.4 configured -- resuming normal operations
[Fri Oct 13 10:35:26.133657 2023] [mpm_winnt:notice] [pid 13168:tid 352] AH00456: Apache Lounge VS16 Server built: Mar  7 2023 13:21:03
[Fri Oct 13 10:35:26.133657 2023] [core:notice] [pid 13168:tid 352] AH00094: Command line: 'c:\\users\\mario.farag\\documents\\informatica2024\\informatica\\pavan_diego\\data_b\\xampp\\apache\\bin\\httpd.exe -d C:/Users/mario.farag/Documents/Informatica2024/Informatica/Pavan_Diego/Data_b/xampp/apache'
[Fri Oct 13 10:35:26.137166 2023] [mpm_winnt:notice] [pid 13168:tid 352] AH00418: Parent: Created child process 8064
[Fri Oct 13 10:35:26.427176 2023] [ssl:warn] [pid 8064:tid 336] AH01909: www.example.com:443:0 server certificate does NOT include an ID which matches the server name
[Fri Oct 13 10:35:26.448922 2023] [ssl:warn] [pid 8064:tid 336] AH01909: www.example.com:443:0 server certificate does NOT include an ID which matches the server name
[Fri Oct 13 10:35:26.467158 2023] [mpm_winnt:notice] [pid 8064:tid 336] AH00354: Child: Starting 150 worker threads.
[Fri Oct 13 12:05:57.543038 2023] [mpm_winnt:notice] [pid 13168:tid 352] AH00428: Parent: child process 8064 exited with status 1073807364 -- Restarting.
[Mon Oct 16 08:09:54.375862 2023] [ssl:warn] [pid 12308:tid 352] AH01909: www.example.com:443:0 server certificate does NOT include an ID which matches the server name
[Mon Oct 16 08:09:54.402647 2023] [core:warn] [pid 12308:tid 352] AH00098: pid file C:/Users/mario.farag/Documents/Informatica2024/Informatica/Pavan_Diego/Data_b/xampp/apache/logs/httpd.pid overwritten -- Unclean shutdown of previous Apache run?
[Mon Oct 16 08:09:54.404636 2023] [ssl:warn] [pid 12308:tid 352] AH01909: www.example.com:443:0 server certificate does NOT include an ID which matches the server name
[Mon Oct 16 08:09:54.762123 2023] [mpm_winnt:notice] [pid 12308:tid 352] AH00455: Apache/2.4.56 (Win64) OpenSSL/1.1.1t PHP/8.2.4 configured -- resuming normal operations
[Mon Oct 16 08:09:54.762123 2023] [mpm_winnt:notice] [pid 12308:tid 352] AH00456: Apache Lounge VS16 Server built: Mar  7 2023 13:21:03
[Mon Oct 16 08:09:54.762123 2023] [core:notice] [pid 12308:tid 352] AH00094: Command line: 'c:\\users\\mario.farag\\documents\\informatica2024\\informatica\\pavan_diego\\data_b\\xampp\\apache\\bin\\httpd.exe -d C:/Users/mario.farag/Documents/Informatica2024/Informatica/Pavan_Diego/Data_b/xampp/apache'
[Mon Oct 16 08:09:54.762123 2023] [mpm_winnt:notice] [pid 12308:tid 352] AH00418: Parent: Created child process 8552
[Mon Oct 16 08:09:54.948790 2023] [ssl:warn] [pid 8552:tid 340] AH01909: www.example.com:443:0 server certificate does NOT include an ID which matches the server name
[Mon Oct 16 08:09:54.962594 2023] [ssl:warn] [pid 8552:tid 340] AH01909: www.example.com:443:0 server certificate does NOT include an ID which matches the server name
[Mon Oct 16 08:09:54.993502 2023] [mpm_winnt:notice] [pid 8552:tid 340] AH00354: Child: Starting 150 worker threads.
[Mon Oct 23 08:33:20.553141 2023] [ssl:warn] [pid 13016:tid 372] AH01909: www.example.com:443:0 server certificate does NOT include an ID which matches the server name
[Mon Oct 23 08:33:20.575177 2023] [core:warn] [pid 13016:tid 372] AH00098: pid file C:/Users/mario.farag/Documents/Informatica2024/Informatica/Pavan_Diego/Data_b/xampp/apache/logs/httpd.pid overwritten -- Unclean shutdown of previous Apache run?
[Mon Oct 23 08:33:20.577177 2023] [ssl:warn] [pid 13016:tid 372] AH01909: www.example.com:443:0 server certificate does NOT include an ID which matches the server name
[Mon Oct 23 08:33:20.842668 2023] [mpm_winnt:notice] [pid 13016:tid 372] AH00455: Apache/2.4.56 (Win64) OpenSSL/1.1.1t PHP/8.2.4 configured -- resuming normal operations
[Mon Oct 23 08:33:20.842668 2023] [mpm_winnt:notice] [pid 13016:tid 372] AH00456: Apache Lounge VS16 Server built: Mar  7 2023 13:21:03
[Mon Oct 23 08:33:20.842668 2023] [core:notice] [pid 13016:tid 372] AH00094: Command line: 'c:\\users\\mario.farag\\documents\\informatica2024\\informatica\\pavan_diego\\data_b\\xampp\\apache\\bin\\httpd.exe -d C:/Users/mario.farag/Documents/Informatica2024/Informatica/Pavan_Diego/Data_b/xampp/apache'
[Mon Oct 23 08:33:20.845655 2023] [mpm_winnt:notice] [pid 13016:tid 372] AH00418: Parent: Created child process 13392
[Mon Oct 23 08:33:21.134885 2023] [ssl:warn] [pid 13392:tid 336] AH01909: www.example.com:443:0 server certificate does NOT include an ID which matches the server name
[Mon Oct 23 08:33:21.156889 2023] [ssl:warn] [pid 13392:tid 336] AH01909: www.example.com:443:0 server certificate does NOT include an ID which matches the server name
[Mon Oct 23 08:33:21.179056 2023] [mpm_winnt:notice] [pid 13392:tid 336] AH00354: Child: Starting 150 worker threads.
[Fri Oct 27 10:13:37.798744 2023] [ssl:warn] [pid 10040:tid 364] AH01909: www.example.com:443:0 server certificate does NOT include an ID which matches the server name
[Fri Oct 27 10:13:37.816110 2023] [core:warn] [pid 10040:tid 364] AH00098: pid file C:/Users/mario.farag/Documents/Informatica2024/Informatica/Pavan_Diego/Data_b/xampp/apache/logs/httpd.pid overwritten -- Unclean shutdown of previous Apache run?
[Fri Oct 27 10:13:37.816110 2023] [ssl:warn] [pid 10040:tid 364] AH01909: www.example.com:443:0 server certificate does NOT include an ID which matches the server name
[Fri Oct 27 10:13:38.064037 2023] [mpm_winnt:notice] [pid 10040:tid 364] AH00455: Apache/2.4.56 (Win64) OpenSSL/1.1.1t PHP/8.2.4 configured -- resuming normal operations
[Fri Oct 27 10:13:38.064037 2023] [mpm_winnt:notice] [pid 10040:tid 364] AH00456: Apache Lounge VS16 Server built: Mar  7 2023 13:21:03
[Fri Oct 27 10:13:38.064037 2023] [core:notice] [pid 10040:tid 364] AH00094: Command line: 'c:\\users\\mario.farag\\documents\\informatica2024\\informatica\\pavan_diego\\data_b\\xampp\\apache\\bin\\httpd.exe -d C:/Users/mario.farag/Documents/Informatica2024/Informatica/Pavan_Diego/Data_b/xampp/apache'
[Fri Oct 27 10:13:38.065171 2023] [mpm_winnt:notice] [pid 10040:tid 364] AH00418: Parent: Created child process 3232
[Fri Oct 27 10:13:38.242310 2023] [ssl:warn] [pid 3232:tid 376] AH01909: www.example.com:443:0 server certificate does NOT include an ID which matches the server name
[Fri Oct 27 10:13:38.264407 2023] [ssl:warn] [pid 3232:tid 376] AH01909: www.example.com:443:0 server certificate does NOT include an ID which matches the server name
[Fri Oct 27 10:13:38.278509 2023] [mpm_winnt:notice] [pid 3232:tid 376] AH00354: Child: Starting 150 worker threads.
[Fri Oct 27 12:07:09.113650 2023] [mpm_winnt:notice] [pid 10040:tid 364] AH00428: Parent: child process 3232 exited with status 1 -- Restarting.
[Fri Oct 27 12:07:09.845846 2023] [ssl:warn] [pid 10040:tid 364] AH01909: www.example.com:443:0 server certificate does NOT include an ID which matches the server name
[Fri Oct 27 12:07:10.113589 2023] [mpm_winnt:notice] [pid 10040:tid 364] AH00455: Apache/2.4.56 (Win64) OpenSSL/1.1.1t PHP/8.2.4 configured -- resuming normal operations
[Fri Oct 27 12:07:10.113589 2023] [mpm_winnt:notice] [pid 10040:tid 364] AH00456: Apache Lounge VS16 Server built: Mar  7 2023 13:21:03
[Fri Oct 27 12:07:10.113589 2023] [core:notice] [pid 10040:tid 364] AH00094: Command line: 'c:\\users\\mario.farag\\documents\\informatica2024\\informatica\\pavan_diego\\data_b\\xampp\\apache\\bin\\httpd.exe -d C:/Users/mario.farag/Documents/Informatica2024/Informatica/Pavan_Diego/Data_b/xampp/apache'
[Fri Oct 27 12:07:10.129555 2023] [mpm_winnt:notice] [pid 10040:tid 364] AH00418: Parent: Created child process 6720
[Fri Oct 27 12:07:10.486090 2023] [ssl:warn] [pid 6720:tid 364] AH01909: www.example.com:443:0 server certificate does NOT include an ID which matches the server name
[Fri Oct 27 12:07:10.507103 2023] [ssl:warn] [pid 6720:tid 364] AH01909: www.example.com:443:0 server certificate does NOT include an ID which matches the server name
[Fri Oct 27 12:07:10.524814 2023] [mpm_winnt:notice] [pid 6720:tid 364] AH00354: Child: Starting 150 worker threads.
[Fri Oct 27 12:07:10.654207 2023] [mpm_winnt:crit] [pid 6720:tid 364] AH02538: Child: Parent process exited abruptly. Child process is ending
[Fri Nov 03 10:43:17.704602 2023] [ssl:warn] [pid 17132:tid 364] AH01909: www.example.com:443:0 server certificate does NOT include an ID which matches the server name
[Fri Nov 03 10:43:17.725951 2023] [core:warn] [pid 17132:tid 364] AH00098: pid file C:/Users/Mario.farag/Documents/Informatica/Pavan_Diego/Data_b/xampp/apache/logs/httpd.pid overwritten -- Unclean shutdown of previous Apache run?
[Fri Nov 03 10:43:17.725951 2023] [ssl:warn] [pid 17132:tid 364] AH01909: www.example.com:443:0 server certificate does NOT include an ID which matches the server name
[Fri Nov 03 10:43:17.896628 2023] [mpm_winnt:notice] [pid 17132:tid 364] AH00455: Apache/2.4.56 (Win64) OpenSSL/1.1.1t PHP/8.2.4 configured -- resuming normal operations
[Fri Nov 03 10:43:17.896628 2023] [mpm_winnt:notice] [pid 17132:tid 364] AH00456: Apache Lounge VS16 Server built: Mar  7 2023 13:21:03
[Fri Nov 03 10:43:17.896628 2023] [core:notice] [pid 17132:tid 364] AH00094: Command line: 'c:\\users\\mario.farag\\documents\\informatica\\pavan_diego\\data_b\\xampp\\apache\\bin\\httpd.exe -d C:/Users/Mario.farag/Documents/Informatica/Pavan_Diego/Data_b/xampp/apache'
[Fri Nov 03 10:43:17.896628 2023] [mpm_winnt:notice] [pid 17132:tid 364] AH00418: Parent: Created child process 456
[Fri Nov 03 10:43:18.075034 2023] [ssl:warn] [pid 456:tid 364] AH01909: www.example.com:443:0 server certificate does NOT include an ID which matches the server name
[Fri Nov 03 10:43:18.095761 2023] [ssl:warn] [pid 456:tid 364] AH01909: www.example.com:443:0 server certificate does NOT include an ID which matches the server name
[Fri Nov 03 10:43:18.111905 2023] [mpm_winnt:notice] [pid 456:tid 364] AH00354: Child: Starting 150 worker threads.
[Fri Nov 03 12:05:24.238700 2023] [mpm_winnt:crit] [pid 456:tid 364] AH02538: Child: Parent process exited abruptly. Child process is ending
